Mon Nov 16 12:36:22 AST 2015 : Apache Derby Network Server - 10.10.1.3 - (1557168) started and ready to accept connections on port 1527
----------------------------------------------------------------
Mon Nov 16 12:36:22 AST 2015:
Booting Derby version The Apache Software Foundation - Apache Derby - 10.10.1.3 - (1557168): instance a816c00e-0151-0fa7-0215-00004c30f131 
on database directory G:\Java Project\Hospital_Management_System\src\database\Hospital with class loader sun.misc.Launcher$AppClassLoader@1d44bcfa 
Loaded from file:/C:/Program%20Files/Java/jdk1.8.0_05/db/lib/derby.jar
java.vendor=Oracle Corporation
java.runtime.version=1.8.0_05-b13
user.dir=C:\Program Files\Java\jdk1.8.0_05\db
os.name=Windows 7
os.arch=amd64
os.version=6.1
derby.system.home=G:\Java Project\Hospital_Management_System\src\database
Database Class Loader started - derby.database.classpath=''
----------------------------------------------------------------
Mon Nov 16 12:36:41 AST 2015:
Shutting down instance a816c00e-0151-0fa7-0215-00004c30f131 on database directory G:\Java Project\Hospital_Management_System\src\database\Hospital with class loader sun.misc.Launcher$AppClassLoader@1d44bcfa 
Mon Nov 16 12:36:42 AST 2015 Thread[DRDAConnThread_2,5,main] (DATABASE = Hospital), (DRDAID = {2}), Database 'Hospital' shutdown.
----------------------------------------------------------------
Mon Nov 16 12:38:05 AST 2015: Shutting down Derby engine
----------------------------------------------------------------
